08-Mar-2019 19:42:08.029 INFO [main] org.apache.catalina.startup.VersionLoggerListener.log Server version name:   Apache Tomcat/9.0.16
08-Mar-2019 19:42:08.044 INFO [main] org.apache.catalina.startup.VersionLoggerListener.log Server built:          Feb 4 2019 16:30:29 UTC
08-Mar-2019 19:42:08.044 INFO [main] org.apache.catalina.startup.VersionLoggerListener.log Server version number: 9.0.16.0
08-Mar-2019 19:42:08.044 INFO [main] org.apache.catalina.startup.VersionLoggerListener.log OS Name:               Linux
08-Mar-2019 19:42:08.044 INFO [main] org.apache.catalina.startup.VersionLoggerListener.log OS Version:            4.15.0-45-generic
08-Mar-2019 19:42:08.044 INFO [main] org.apache.catalina.startup.VersionLoggerListener.log Architecture:          amd64
08-Mar-2019 19:42:08.044 INFO [main] org.apache.catalina.startup.VersionLoggerListener.log Java Home:             /usr/lib/jvm/java-11-openjdk-amd64
08-Mar-2019 19:42:08.044 INFO [main] org.apache.catalina.startup.VersionLoggerListener.log JVM Version:           10.0.2+13-Ubuntu-1ubuntu0.18.04.4
08-Mar-2019 19:42:08.044 INFO [main] org.apache.catalina.startup.VersionLoggerListener.log JVM Vendor:            Oracle Corporation
08-Mar-2019 19:42:08.044 INFO [main] org.apache.catalina.startup.VersionLoggerListener.log CATALINA_BASE:         /home/aleksandar/Desktop/apache-tomcat-9.0.16
08-Mar-2019 19:42:08.044 INFO [main] org.apache.catalina.startup.VersionLoggerListener.log CATALINA_HOME:         /home/aleksandar/Desktop/apache-tomcat-9.0.16
08-Mar-2019 19:42:08.045 INFO [main] org.apache.catalina.startup.VersionLoggerListener.log Command line argument: --add-opens=java.base/java.lang=ALL-UNNAMED
08-Mar-2019 19:42:08.045 INFO [main] org.apache.catalina.startup.VersionLoggerListener.log Command line argument: --add-opens=java.base/java.io=ALL-UNNAMED
08-Mar-2019 19:42:08.045 INFO [main] org.apache.catalina.startup.VersionLoggerListener.log Command line argument: --add-opens=java.rmi/sun.rmi.transport=ALL-UNNAMED
08-Mar-2019 19:42:08.045 INFO [main] org.apache.catalina.startup.VersionLoggerListener.log Command line argument: -Djava.util.logging.config.file=/home/aleksandar/Desktop/apache-tomcat-9.0.16/conf/logging.properties
08-Mar-2019 19:42:08.045 INFO [main] org.apache.catalina.startup.VersionLoggerListener.log Command line argument: -Djava.util.logging.manager=org.apache.juli.ClassLoaderLogManager
08-Mar-2019 19:42:08.045 INFO [main] org.apache.catalina.startup.VersionLoggerListener.log Command line argument: -Djdk.tls.ephemeralDHKeySize=2048
08-Mar-2019 19:42:08.045 INFO [main] org.apache.catalina.startup.VersionLoggerListener.log Command line argument: -Djava.protocol.handler.pkgs=org.apache.catalina.webresources
08-Mar-2019 19:42:08.045 INFO [main] org.apache.catalina.startup.VersionLoggerListener.log Command line argument: -Dorg.apache.catalina.security.SecurityListener.UMASK=0027
08-Mar-2019 19:42:08.045 INFO [main] org.apache.catalina.startup.VersionLoggerListener.log Command line argument: -Dignore.endorsed.dirs=
08-Mar-2019 19:42:08.046 INFO [main] org.apache.catalina.startup.VersionLoggerListener.log Command line argument: -Dcatalina.base=/home/aleksandar/Desktop/apache-tomcat-9.0.16
08-Mar-2019 19:42:08.046 INFO [main] org.apache.catalina.startup.VersionLoggerListener.log Command line argument: -Dcatalina.home=/home/aleksandar/Desktop/apache-tomcat-9.0.16
08-Mar-2019 19:42:08.046 INFO [main] org.apache.catalina.startup.VersionLoggerListener.log Command line argument: -Djava.io.tmpdir=/home/aleksandar/Desktop/apache-tomcat-9.0.16/temp
08-Mar-2019 19:42:08.046 INFO [main] org.apache.catalina.core.AprLifecycleListener.lifecycleEvent The APR based Apache Tomcat Native library which allows optimal performance in production environments was not found on the java.library.path: [/usr/java/packages/lib:/usr/lib/x86_64-linux-gnu/jni:/lib/x86_64-linux-gnu:/usr/lib/x86_64-linux-gnu:/usr/lib/jni:/lib:/usr/lib]
08-Mar-2019 19:42:08.143 INFO [main] org.apache.coyote.AbstractProtocol.init Initializing ProtocolHandler ["http-nio-8080"]
08-Mar-2019 19:42:08.206 INFO [main] org.apache.coyote.AbstractProtocol.init Initializing ProtocolHandler ["ajp-nio-8009"]
08-Mar-2019 19:42:08.215 INFO [main] org.apache.catalina.startup.Catalina.load Server initialization in [1,180] milliseconds
08-Mar-2019 19:42:08.327 INFO [main] org.apache.catalina.core.StandardService.startInternal Starting service [Catalina]
08-Mar-2019 19:42:08.329 INFO [main] org.apache.catalina.core.StandardEngine.startInternal Starting Servlet engine: [Apache Tomcat/9.0.16]
08-Mar-2019 19:42:08.349 INFO [main] org.apache.catalina.startup.HostConfig.deployDirectory Deploying web application directory [/home/aleksandar/Desktop/apache-tomcat-9.0.16/webapps/docs]
08-Mar-2019 19:42:08.983 INFO [main] org.apache.catalina.startup.HostConfig.deployDirectory Deployment of web application directory [/home/aleksandar/Desktop/apache-tomcat-9.0.16/webapps/docs] has finished in [633] ms
08-Mar-2019 19:42:08.983 INFO [main] org.apache.catalina.startup.HostConfig.deployDirectory Deploying web application directory [/home/aleksandar/Desktop/apache-tomcat-9.0.16/webapps/manager]
08-Mar-2019 19:42:09.048 INFO [main] org.apache.catalina.startup.HostConfig.deployDirectory Deployment of web application directory [/home/aleksandar/Desktop/apache-tomcat-9.0.16/webapps/manager] has finished in [64] ms
08-Mar-2019 19:42:09.048 INFO [main] org.apache.catalina.startup.HostConfig.deployDirectory Deploying web application directory [/home/aleksandar/Desktop/apache-tomcat-9.0.16/webapps/ROOT]
08-Mar-2019 19:42:09.076 INFO [main] org.apache.catalina.startup.HostConfig.deployDirectory Deployment of web application directory [/home/aleksandar/Desktop/apache-tomcat-9.0.16/webapps/ROOT] has finished in [28] ms
08-Mar-2019 19:42:09.076 INFO [main] org.apache.catalina.startup.HostConfig.deployDirectory Deploying web application directory [/home/aleksandar/Desktop/apache-tomcat-9.0.16/webapps/src]
08-Mar-2019 19:42:09.132 INFO [main] org.apache.catalina.startup.HostConfig.deployDirectory Deployment of web application directory [/home/aleksandar/Desktop/apache-tomcat-9.0.16/webapps/src] has finished in [54] ms
08-Mar-2019 19:42:09.133 INFO [main] org.apache.catalina.startup.HostConfig.deployDirectory Deploying web application directory [/home/aleksandar/Desktop/apache-tomcat-9.0.16/webapps/firstApp]
08-Mar-2019 19:42:09.166 INFO [main] org.apache.catalina.startup.HostConfig.deployDirectory Deployment of web application directory [/home/aleksandar/Desktop/apache-tomcat-9.0.16/webapps/firstApp] has finished in [34] ms
08-Mar-2019 19:42:09.167 INFO [main] org.apache.catalina.startup.HostConfig.deployDirectory Deploying web application directory [/home/aleksandar/Desktop/apache-tomcat-9.0.16/webapps/loginpage]
08-Mar-2019 19:42:09.197 INFO [main] org.apache.catalina.startup.HostConfig.deployDirectory Deployment of web application directory [/home/aleksandar/Desktop/apache-tomcat-9.0.16/webapps/loginpage] has finished in [30] ms
08-Mar-2019 19:42:09.198 INFO [main] org.apache.catalina.startup.HostConfig.deployDirectory Deploying web application directory [/home/aleksandar/Desktop/apache-tomcat-9.0.16/webapps/host-manager]
08-Mar-2019 19:42:09.237 INFO [main] org.apache.catalina.startup.HostConfig.deployDirectory Deployment of web application directory [/home/aleksandar/Desktop/apache-tomcat-9.0.16/webapps/host-manager] has finished in [38] ms
08-Mar-2019 19:42:09.237 INFO [main] org.apache.catalina.startup.HostConfig.deployDirectory Deploying web application directory [/home/aleksandar/Desktop/apache-tomcat-9.0.16/webapps/examples]
08-Mar-2019 19:42:09.622 INFO [main] org.apache.catalina.startup.HostConfig.deployDirectory Deployment of web application directory [/home/aleksandar/Desktop/apache-tomcat-9.0.16/webapps/examples] has finished in [385] ms
08-Mar-2019 19:42:09.628 INFO [main] org.apache.coyote.AbstractProtocol.start Starting ProtocolHandler ["http-nio-8080"]
08-Mar-2019 19:42:09.651 INFO [main] org.apache.coyote.AbstractProtocol.start Starting ProtocolHandler ["ajp-nio-8009"]
08-Mar-2019 19:42:09.673 INFO [main] org.apache.catalina.startup.Catalina.start Server startup in [1,457] milliseconds
08-Mar-2019 19:45:20.246 INFO [Catalina-utility-2] org.apache.catalina.startup.HostConfig.undeploy Undeploying context [/firstApp]
08-Mar-2019 19:46:18.921 INFO [main] org.apache.catalina.core.StandardServer.await A valid shutdown command was received via the shutdown port. Stopping the Server instance.
08-Mar-2019 19:46:18.921 INFO [main] org.apache.coyote.AbstractProtocol.pause Pausing ProtocolHandler ["http-nio-8080"]
08-Mar-2019 19:46:18.923 INFO [main] org.apache.coyote.AbstractProtocol.pause Pausing ProtocolHandler ["ajp-nio-8009"]
08-Mar-2019 19:46:18.931 INFO [main] org.apache.catalina.core.StandardService.stopInternal Stopping service [Catalina]
08-Mar-2019 19:46:18.981 INFO [main] org.apache.coyote.AbstractProtocol.stop Stopping ProtocolHandler ["http-nio-8080"]
08-Mar-2019 19:46:18.983 INFO [main] org.apache.coyote.AbstractProtocol.stop Stopping ProtocolHandler ["ajp-nio-8009"]
08-Mar-2019 19:46:18.986 INFO [main] org.apache.coyote.AbstractProtocol.destroy Destroying ProtocolHandler ["http-nio-8080"]
08-Mar-2019 19:46:18.987 INFO [main] org.apache.coyote.AbstractProtocol.destroy Destroying ProtocolHandler ["ajp-nio-8009"]
08-Mar-2019 19:46:26.099 INFO [main] org.apache.catalina.startup.VersionLoggerListener.log Server version name:   Apache Tomcat/9.0.16
08-Mar-2019 19:46:26.109 INFO [main] org.apache.catalina.startup.VersionLoggerListener.log Server built:          Feb 4 2019 16:30:29 UTC
08-Mar-2019 19:46:26.109 INFO [main] org.apache.catalina.startup.VersionLoggerListener.log Server version number: 9.0.16.0
08-Mar-2019 19:46:26.109 INFO [main] org.apache.catalina.startup.VersionLoggerListener.log OS Name:               Linux
08-Mar-2019 19:46:26.110 INFO [main] org.apache.catalina.startup.VersionLoggerListener.log OS Version:            4.15.0-45-generic
08-Mar-2019 19:46:26.110 INFO [main] org.apache.catalina.startup.VersionLoggerListener.log Architecture:          amd64
08-Mar-2019 19:46:26.110 INFO [main] org.apache.catalina.startup.VersionLoggerListener.log Java Home:             /usr/lib/jvm/java-11-openjdk-amd64
08-Mar-2019 19:46:26.110 INFO [main] org.apache.catalina.startup.VersionLoggerListener.log JVM Version:           10.0.2+13-Ubuntu-1ubuntu0.18.04.4
08-Mar-2019 19:46:26.110 INFO [main] org.apache.catalina.startup.VersionLoggerListener.log JVM Vendor:            Oracle Corporation
08-Mar-2019 19:46:26.110 INFO [main] org.apache.catalina.startup.VersionLoggerListener.log CATALINA_BASE:         /home/aleksandar/Desktop/apache-tomcat-9.0.16
08-Mar-2019 19:46:26.110 INFO [main] org.apache.catalina.startup.VersionLoggerListener.log CATALINA_HOME:         /home/aleksandar/Desktop/apache-tomcat-9.0.16
08-Mar-2019 19:46:26.113 INFO [main] org.apache.catalina.startup.VersionLoggerListener.log Command line argument: --add-opens=java.base/java.lang=ALL-UNNAMED
08-Mar-2019 19:46:26.113 INFO [main] org.apache.catalina.startup.VersionLoggerListener.log Command line argument: --add-opens=java.base/java.io=ALL-UNNAMED
08-Mar-2019 19:46:26.113 INFO [main] org.apache.catalina.startup.VersionLoggerListener.log Command line argument: --add-opens=java.rmi/sun.rmi.transport=ALL-UNNAMED
08-Mar-2019 19:46:26.113 INFO [main] org.apache.catalina.startup.VersionLoggerListener.log Command line argument: -Djava.util.logging.config.file=/home/aleksandar/Desktop/apache-tomcat-9.0.16/conf/logging.properties
08-Mar-2019 19:46:26.113 INFO [main] org.apache.catalina.startup.VersionLoggerListener.log Command line argument: -Djava.util.logging.manager=org.apache.juli.ClassLoaderLogManager
08-Mar-2019 19:46:26.113 INFO [main] org.apache.catalina.startup.VersionLoggerListener.log Command line argument: -Djdk.tls.ephemeralDHKeySize=2048
08-Mar-2019 19:46:26.113 INFO [main] org.apache.catalina.startup.VersionLoggerListener.log Command line argument: -Djava.protocol.handler.pkgs=org.apache.catalina.webresources
08-Mar-2019 19:46:26.113 INFO [main] org.apache.catalina.startup.VersionLoggerListener.log Command line argument: -Dorg.apache.catalina.security.SecurityListener.UMASK=0027
08-Mar-2019 19:46:26.113 INFO [main] org.apache.catalina.startup.VersionLoggerListener.log Command line argument: -Dignore.endorsed.dirs=
08-Mar-2019 19:46:26.113 INFO [main] org.apache.catalina.startup.VersionLoggerListener.log Command line argument: -Dcatalina.base=/home/aleksandar/Desktop/apache-tomcat-9.0.16
08-Mar-2019 19:46:26.113 INFO [main] org.apache.catalina.startup.VersionLoggerListener.log Command line argument: -Dcatalina.home=/home/aleksandar/Desktop/apache-tomcat-9.0.16
08-Mar-2019 19:46:26.113 INFO [main] org.apache.catalina.startup.VersionLoggerListener.log Command line argument: -Djava.io.tmpdir=/home/aleksandar/Desktop/apache-tomcat-9.0.16/temp
08-Mar-2019 19:46:26.114 INFO [main] org.apache.catalina.core.AprLifecycleListener.lifecycleEvent The APR based Apache Tomcat Native library which allows optimal performance in production environments was not found on the java.library.path: [/usr/java/packages/lib:/usr/lib/x86_64-linux-gnu/jni:/lib/x86_64-linux-gnu:/usr/lib/x86_64-linux-gnu:/usr/lib/jni:/lib:/usr/lib]
08-Mar-2019 19:46:26.200 INFO [main] org.apache.coyote.AbstractProtocol.init Initializing ProtocolHandler ["http-nio-8080"]
08-Mar-2019 19:46:26.244 INFO [main] org.apache.coyote.AbstractProtocol.init Initializing ProtocolHandler ["ajp-nio-8009"]
08-Mar-2019 19:46:26.258 INFO [main] org.apache.catalina.startup.Catalina.load Server initialization in [1,042] milliseconds
08-Mar-2019 19:46:26.358 INFO [main] org.apache.catalina.core.StandardService.startInternal Starting service [Catalina]
08-Mar-2019 19:46:26.358 INFO [main] org.apache.catalina.core.StandardEngine.startInternal Starting Servlet engine: [Apache Tomcat/9.0.16]
08-Mar-2019 19:46:26.373 INFO [main] org.apache.catalina.startup.HostConfig.deployDirectory Deploying web application directory [/home/aleksandar/Desktop/apache-tomcat-9.0.16/webapps/docs]
08-Mar-2019 19:46:26.927 INFO [main] org.apache.catalina.startup.HostConfig.deployDirectory Deployment of web application directory [/home/aleksandar/Desktop/apache-tomcat-9.0.16/webapps/docs] has finished in [555] ms
08-Mar-2019 19:46:26.931 INFO [main] org.apache.catalina.startup.HostConfig.deployDirectory Deploying web application directory [/home/aleksandar/Desktop/apache-tomcat-9.0.16/webapps/manager]
08-Mar-2019 19:46:26.997 INFO [main] org.apache.catalina.startup.HostConfig.deployDirectory Deployment of web application directory [/home/aleksandar/Desktop/apache-tomcat-9.0.16/webapps/manager] has finished in [67] ms
08-Mar-2019 19:46:27.000 INFO [main] org.apache.catalina.startup.HostConfig.deployDirectory Deploying web application directory [/home/aleksandar/Desktop/apache-tomcat-9.0.16/webapps/ROOT]
08-Mar-2019 19:46:27.030 INFO [main] org.apache.catalina.startup.HostConfig.deployDirectory Deployment of web application directory [/home/aleksandar/Desktop/apache-tomcat-9.0.16/webapps/ROOT] has finished in [30] ms
08-Mar-2019 19:46:27.035 INFO [main] org.apache.catalina.startup.HostConfig.deployDirectory Deploying web application directory [/home/aleksandar/Desktop/apache-tomcat-9.0.16/webapps/src]
08-Mar-2019 19:46:27.081 INFO [main] org.apache.catalina.startup.HostConfig.deployDirectory Deployment of web application directory [/home/aleksandar/Desktop/apache-tomcat-9.0.16/webapps/src] has finished in [44] ms
08-Mar-2019 19:46:27.082 INFO [main] org.apache.catalina.startup.HostConfig.deployDirectory Deploying web application directory [/home/aleksandar/Desktop/apache-tomcat-9.0.16/webapps/loginpage]
08-Mar-2019 19:46:27.119 INFO [main] org.apache.catalina.startup.HostConfig.deployDirectory Deployment of web application directory [/home/aleksandar/Desktop/apache-tomcat-9.0.16/webapps/loginpage] has finished in [37] ms
08-Mar-2019 19:46:27.123 INFO [main] org.apache.catalina.startup.HostConfig.deployDirectory Deploying web application directory [/home/aleksandar/Desktop/apache-tomcat-9.0.16/webapps/host-manager]
08-Mar-2019 19:46:27.153 INFO [main] org.apache.catalina.startup.HostConfig.deployDirectory Deployment of web application directory [/home/aleksandar/Desktop/apache-tomcat-9.0.16/webapps/host-manager] has finished in [30] ms
08-Mar-2019 19:46:27.153 INFO [main] org.apache.catalina.startup.HostConfig.deployDirectory Deploying web application directory [/home/aleksandar/Desktop/apache-tomcat-9.0.16/webapps/examples]
08-Mar-2019 19:46:27.541 INFO [main] org.apache.catalina.startup.HostConfig.deployDirectory Deployment of web application directory [/home/aleksandar/Desktop/apache-tomcat-9.0.16/webapps/examples] has finished in [388] ms
08-Mar-2019 19:46:27.544 INFO [main] org.apache.coyote.AbstractProtocol.start Starting ProtocolHandler ["http-nio-8080"]
08-Mar-2019 19:46:27.571 INFO [main] org.apache.coyote.AbstractProtocol.start Starting ProtocolHandler ["ajp-nio-8009"]
08-Mar-2019 19:46:27.585 INFO [main] org.apache.catalina.startup.Catalina.start Server startup in [1,326] milliseconds
08-Mar-2019 19:47:57.655 INFO [Catalina-utility-2] org.apache.catalina.startup.HostConfig.deployDirectory Deploying web application directory [/home/aleksandar/Desktop/apache-tomcat-9.0.16/webapps/firstApp]
08-Mar-2019 19:47:57.697 INFO [Catalina-utility-2] org.apache.catalina.startup.HostConfig.deployDirectory Deployment of web application directory [/home/aleksandar/Desktop/apache-tomcat-9.0.16/webapps/firstApp] has finished in [42] ms
08-Mar-2019 20:02:17.903 INFO [Catalina-utility-1] org.apache.catalina.startup.HostConfig.reload Reloading context [/firstApp]
08-Mar-2019 20:02:17.904 INFO [Catalina-utility-1] org.apache.catalina.core.StandardContext.reload Reloading Context with name [/firstApp] has started
08-Mar-2019 20:02:17.988 INFO [Catalina-utility-1] org.apache.catalina.core.StandardContext.reload Reloading Context with name [/firstApp] is completed
