26-Feb-2019 19:39:49.986 INFO [main] org.apache.catalina.startup.VersionLoggerListener.log Server version name:   Apache Tomcat/9.0.16
26-Feb-2019 19:39:49.996 INFO [main] org.apache.catalina.startup.VersionLoggerListener.log Server built:          Feb 4 2019 16:30:29 UTC
26-Feb-2019 19:39:49.996 INFO [main] org.apache.catalina.startup.VersionLoggerListener.log Server version number: 9.0.16.0
26-Feb-2019 19:39:49.997 INFO [main] org.apache.catalina.startup.VersionLoggerListener.log OS Name:               Linux
26-Feb-2019 19:39:49.997 INFO [main] org.apache.catalina.startup.VersionLoggerListener.log OS Version:            4.15.0-29-generic
26-Feb-2019 19:39:49.997 INFO [main] org.apache.catalina.startup.VersionLoggerListener.log Architecture:          amd64
26-Feb-2019 19:39:49.997 INFO [main] org.apache.catalina.startup.VersionLoggerListener.log Java Home:             /usr/lib/jvm/java-11-openjdk-amd64
26-Feb-2019 19:39:49.997 INFO [main] org.apache.catalina.startup.VersionLoggerListener.log JVM Version:           10.0.2+13-Ubuntu-1ubuntu0.18.04.4
26-Feb-2019 19:39:49.997 INFO [main] org.apache.catalina.startup.VersionLoggerListener.log JVM Vendor:            Oracle Corporation
26-Feb-2019 19:39:49.997 INFO [main] org.apache.catalina.startup.VersionLoggerListener.log CATALINA_BASE:         /home/aleksandar/Desktop/apache-tomcat-9.0.16
26-Feb-2019 19:39:49.997 INFO [main] org.apache.catalina.startup.VersionLoggerListener.log CATALINA_HOME:         /home/aleksandar/Desktop/apache-tomcat-9.0.16
26-Feb-2019 19:39:50.001 INFO [main] org.apache.catalina.startup.VersionLoggerListener.log Command line argument: --add-opens=java.base/java.lang=ALL-UNNAMED
26-Feb-2019 19:39:50.001 INFO [main] org.apache.catalina.startup.VersionLoggerListener.log Command line argument: --add-opens=java.base/java.io=ALL-UNNAMED
26-Feb-2019 19:39:50.001 INFO [main] org.apache.catalina.startup.VersionLoggerListener.log Command line argument: --add-opens=java.rmi/sun.rmi.transport=ALL-UNNAMED
26-Feb-2019 19:39:50.001 INFO [main] org.apache.catalina.startup.VersionLoggerListener.log Command line argument: -Djava.util.logging.config.file=/home/aleksandar/Desktop/apache-tomcat-9.0.16/conf/logging.properties
26-Feb-2019 19:39:50.001 INFO [main] org.apache.catalina.startup.VersionLoggerListener.log Command line argument: -Djava.util.logging.manager=org.apache.juli.ClassLoaderLogManager
26-Feb-2019 19:39:50.001 INFO [main] org.apache.catalina.startup.VersionLoggerListener.log Command line argument: -Djdk.tls.ephemeralDHKeySize=2048
26-Feb-2019 19:39:50.002 INFO [main] org.apache.catalina.startup.VersionLoggerListener.log Command line argument: -Djava.protocol.handler.pkgs=org.apache.catalina.webresources
26-Feb-2019 19:39:50.002 INFO [main] org.apache.catalina.startup.VersionLoggerListener.log Command line argument: -Dorg.apache.catalina.security.SecurityListener.UMASK=0027
26-Feb-2019 19:39:50.002 INFO [main] org.apache.catalina.startup.VersionLoggerListener.log Command line argument: -Dignore.endorsed.dirs=
26-Feb-2019 19:39:50.002 INFO [main] org.apache.catalina.startup.VersionLoggerListener.log Command line argument: -Dcatalina.base=/home/aleksandar/Desktop/apache-tomcat-9.0.16
26-Feb-2019 19:39:50.002 INFO [main] org.apache.catalina.startup.VersionLoggerListener.log Command line argument: -Dcatalina.home=/home/aleksandar/Desktop/apache-tomcat-9.0.16
26-Feb-2019 19:39:50.002 INFO [main] org.apache.catalina.startup.VersionLoggerListener.log Command line argument: -Djava.io.tmpdir=/home/aleksandar/Desktop/apache-tomcat-9.0.16/temp
26-Feb-2019 19:39:50.007 INFO [main] org.apache.catalina.core.AprLifecycleListener.lifecycleEvent The APR based Apache Tomcat Native library which allows optimal performance in production environments was not found on the java.library.path: [/usr/java/packages/lib:/usr/lib/x86_64-linux-gnu/jni:/lib/x86_64-linux-gnu:/usr/lib/x86_64-linux-gnu:/usr/lib/jni:/lib:/usr/lib]
26-Feb-2019 19:39:50.094 INFO [main] org.apache.coyote.AbstractProtocol.init Initializing ProtocolHandler ["http-nio-8080"]
26-Feb-2019 19:39:50.162 INFO [main] org.apache.coyote.AbstractProtocol.init Initializing ProtocolHandler ["ajp-nio-8009"]
26-Feb-2019 19:39:50.167 INFO [main] org.apache.catalina.startup.Catalina.load Server initialization in [1,276] milliseconds
26-Feb-2019 19:39:50.282 INFO [main] org.apache.catalina.core.StandardService.startInternal Starting service [Catalina]
26-Feb-2019 19:39:50.284 INFO [main] org.apache.catalina.core.StandardEngine.startInternal Starting Servlet engine: [Apache Tomcat/9.0.16]
26-Feb-2019 19:39:50.302 INFO [main] org.apache.catalina.startup.HostConfig.deployDirectory Deploying web application directory [/home/aleksandar/Desktop/apache-tomcat-9.0.16/webapps/docs]
26-Feb-2019 19:39:50.943 INFO [main] org.apache.catalina.startup.HostConfig.deployDirectory Deployment of web application directory [/home/aleksandar/Desktop/apache-tomcat-9.0.16/webapps/docs] has finished in [641] ms
26-Feb-2019 19:39:50.947 INFO [main] org.apache.catalina.startup.HostConfig.deployDirectory Deploying web application directory [/home/aleksandar/Desktop/apache-tomcat-9.0.16/webapps/manager]
26-Feb-2019 19:39:51.011 INFO [main] org.apache.catalina.startup.HostConfig.deployDirectory Deployment of web application directory [/home/aleksandar/Desktop/apache-tomcat-9.0.16/webapps/manager] has finished in [64] ms
26-Feb-2019 19:39:51.015 INFO [main] org.apache.catalina.startup.HostConfig.deployDirectory Deploying web application directory [/home/aleksandar/Desktop/apache-tomcat-9.0.16/webapps/ROOT]
26-Feb-2019 19:39:51.053 INFO [main] org.apache.catalina.startup.HostConfig.deployDirectory Deployment of web application directory [/home/aleksandar/Desktop/apache-tomcat-9.0.16/webapps/ROOT] has finished in [37] ms
26-Feb-2019 19:39:51.053 INFO [main] org.apache.catalina.startup.HostConfig.deployDirectory Deploying web application directory [/home/aleksandar/Desktop/apache-tomcat-9.0.16/webapps/src]
26-Feb-2019 19:39:51.105 INFO [main] org.apache.catalina.startup.HostConfig.deployDirectory Deployment of web application directory [/home/aleksandar/Desktop/apache-tomcat-9.0.16/webapps/src] has finished in [52] ms
26-Feb-2019 19:39:51.106 INFO [main] org.apache.catalina.startup.HostConfig.deployDirectory Deploying web application directory [/home/aleksandar/Desktop/apache-tomcat-9.0.16/webapps/firstApp]
26-Feb-2019 19:39:51.155 INFO [main] org.apache.catalina.startup.HostConfig.deployDirectory Deployment of web application directory [/home/aleksandar/Desktop/apache-tomcat-9.0.16/webapps/firstApp] has finished in [48] ms
26-Feb-2019 19:39:51.156 INFO [main] org.apache.catalina.startup.HostConfig.deployDirectory Deploying web application directory [/home/aleksandar/Desktop/apache-tomcat-9.0.16/webapps/loginpage]
26-Feb-2019 19:39:51.197 INFO [main] org.apache.catalina.startup.HostConfig.deployDirectory Deployment of web application directory [/home/aleksandar/Desktop/apache-tomcat-9.0.16/webapps/loginpage] has finished in [42] ms
26-Feb-2019 19:39:51.197 INFO [main] org.apache.catalina.startup.HostConfig.deployDirectory Deploying web application directory [/home/aleksandar/Desktop/apache-tomcat-9.0.16/webapps/host-manager]
26-Feb-2019 19:39:51.233 INFO [main] org.apache.catalina.startup.HostConfig.deployDirectory Deployment of web application directory [/home/aleksandar/Desktop/apache-tomcat-9.0.16/webapps/host-manager] has finished in [35] ms
26-Feb-2019 19:39:51.236 INFO [main] org.apache.catalina.startup.HostConfig.deployDirectory Deploying web application directory [/home/aleksandar/Desktop/apache-tomcat-9.0.16/webapps/examples]
26-Feb-2019 19:39:51.633 INFO [main] org.apache.catalina.startup.HostConfig.deployDirectory Deployment of web application directory [/home/aleksandar/Desktop/apache-tomcat-9.0.16/webapps/examples] has finished in [397] ms
26-Feb-2019 19:39:51.644 INFO [main] org.apache.coyote.AbstractProtocol.start Starting ProtocolHandler ["http-nio-8080"]
26-Feb-2019 19:39:51.661 INFO [main] org.apache.coyote.AbstractProtocol.start Starting ProtocolHandler ["ajp-nio-8009"]
26-Feb-2019 19:39:51.687 INFO [main] org.apache.catalina.startup.Catalina.start Server startup in [1,518] milliseconds
26-Feb-2019 19:47:12.356 INFO [Catalina-utility-1] org.apache.catalina.startup.HostConfig.undeploy Undeploying context [/firstApp]
26-Feb-2019 19:50:45.065 INFO [main] org.apache.catalina.core.StandardServer.await A valid shutdown command was received via the shutdown port. Stopping the Server instance.
26-Feb-2019 19:50:45.066 INFO [main] org.apache.coyote.AbstractProtocol.pause Pausing ProtocolHandler ["http-nio-8080"]
26-Feb-2019 19:50:45.078 INFO [main] org.apache.coyote.AbstractProtocol.pause Pausing ProtocolHandler ["ajp-nio-8009"]
26-Feb-2019 19:50:45.078 INFO [main] org.apache.catalina.core.StandardService.stopInternal Stopping service [Catalina]
26-Feb-2019 19:50:45.159 INFO [main] org.apache.coyote.AbstractProtocol.stop Stopping ProtocolHandler ["http-nio-8080"]
26-Feb-2019 19:50:45.162 INFO [main] org.apache.coyote.AbstractProtocol.stop Stopping ProtocolHandler ["ajp-nio-8009"]
26-Feb-2019 19:50:45.163 INFO [main] org.apache.coyote.AbstractProtocol.destroy Destroying ProtocolHandler ["http-nio-8080"]
26-Feb-2019 19:50:45.164 INFO [main] org.apache.coyote.AbstractProtocol.destroy Destroying ProtocolHandler ["ajp-nio-8009"]
26-Feb-2019 19:58:16.967 INFO [main] org.apache.catalina.startup.VersionLoggerListener.log Server version name:   Apache Tomcat/9.0.16
26-Feb-2019 19:58:16.975 INFO [main] org.apache.catalina.startup.VersionLoggerListener.log Server built:          Feb 4 2019 16:30:29 UTC
26-Feb-2019 19:58:16.975 INFO [main] org.apache.catalina.startup.VersionLoggerListener.log Server version number: 9.0.16.0
26-Feb-2019 19:58:16.975 INFO [main] org.apache.catalina.startup.VersionLoggerListener.log OS Name:               Linux
26-Feb-2019 19:58:16.975 INFO [main] org.apache.catalina.startup.VersionLoggerListener.log OS Version:            4.15.0-29-generic
26-Feb-2019 19:58:16.976 INFO [main] org.apache.catalina.startup.VersionLoggerListener.log Architecture:          amd64
26-Feb-2019 19:58:16.976 INFO [main] org.apache.catalina.startup.VersionLoggerListener.log Java Home:             /usr/lib/jvm/java-11-openjdk-amd64
26-Feb-2019 19:58:16.976 INFO [main] org.apache.catalina.startup.VersionLoggerListener.log JVM Version:           10.0.2+13-Ubuntu-1ubuntu0.18.04.4
26-Feb-2019 19:58:16.976 INFO [main] org.apache.catalina.startup.VersionLoggerListener.log JVM Vendor:            Oracle Corporation
26-Feb-2019 19:58:16.976 INFO [main] org.apache.catalina.startup.VersionLoggerListener.log CATALINA_BASE:         /home/aleksandar/Desktop/apache-tomcat-9.0.16
26-Feb-2019 19:58:16.976 INFO [main] org.apache.catalina.startup.VersionLoggerListener.log CATALINA_HOME:         /home/aleksandar/Desktop/apache-tomcat-9.0.16
26-Feb-2019 19:58:16.976 INFO [main] org.apache.catalina.startup.VersionLoggerListener.log Command line argument: --add-opens=java.base/java.lang=ALL-UNNAMED
26-Feb-2019 19:58:16.976 INFO [main] org.apache.catalina.startup.VersionLoggerListener.log Command line argument: --add-opens=java.base/java.io=ALL-UNNAMED
26-Feb-2019 19:58:16.976 INFO [main] org.apache.catalina.startup.VersionLoggerListener.log Command line argument: --add-opens=java.rmi/sun.rmi.transport=ALL-UNNAMED
26-Feb-2019 19:58:16.976 INFO [main] org.apache.catalina.startup.VersionLoggerListener.log Command line argument: -Djava.util.logging.config.file=/home/aleksandar/Desktop/apache-tomcat-9.0.16/conf/logging.properties
26-Feb-2019 19:58:16.976 INFO [main] org.apache.catalina.startup.VersionLoggerListener.log Command line argument: -Djava.util.logging.manager=org.apache.juli.ClassLoaderLogManager
26-Feb-2019 19:58:16.976 INFO [main] org.apache.catalina.startup.VersionLoggerListener.log Command line argument: -Djdk.tls.ephemeralDHKeySize=2048
26-Feb-2019 19:58:16.977 INFO [main] org.apache.catalina.startup.VersionLoggerListener.log Command line argument: -Djava.protocol.handler.pkgs=org.apache.catalina.webresources
26-Feb-2019 19:58:16.977 INFO [main] org.apache.catalina.startup.VersionLoggerListener.log Command line argument: -Dorg.apache.catalina.security.SecurityListener.UMASK=0027
26-Feb-2019 19:58:16.977 INFO [main] org.apache.catalina.startup.VersionLoggerListener.log Command line argument: -Dignore.endorsed.dirs=
26-Feb-2019 19:58:16.977 INFO [main] org.apache.catalina.startup.VersionLoggerListener.log Command line argument: -Dcatalina.base=/home/aleksandar/Desktop/apache-tomcat-9.0.16
26-Feb-2019 19:58:16.977 INFO [main] org.apache.catalina.startup.VersionLoggerListener.log Command line argument: -Dcatalina.home=/home/aleksandar/Desktop/apache-tomcat-9.0.16
26-Feb-2019 19:58:16.977 INFO [main] org.apache.catalina.startup.VersionLoggerListener.log Command line argument: -Djava.io.tmpdir=/home/aleksandar/Desktop/apache-tomcat-9.0.16/temp
26-Feb-2019 19:58:16.977 INFO [main] org.apache.catalina.core.AprLifecycleListener.lifecycleEvent The APR based Apache Tomcat Native library which allows optimal performance in production environments was not found on the java.library.path: [/usr/java/packages/lib:/usr/lib/x86_64-linux-gnu/jni:/lib/x86_64-linux-gnu:/usr/lib/x86_64-linux-gnu:/usr/lib/jni:/lib:/usr/lib]
26-Feb-2019 19:58:17.059 INFO [main] org.apache.coyote.AbstractProtocol.init Initializing ProtocolHandler ["http-nio-8080"]
26-Feb-2019 19:58:17.115 INFO [main] org.apache.coyote.AbstractProtocol.init Initializing ProtocolHandler ["ajp-nio-8009"]
26-Feb-2019 19:58:17.118 INFO [main] org.apache.catalina.startup.Catalina.load Server initialization in [1,030] milliseconds
26-Feb-2019 19:58:17.217 INFO [main] org.apache.catalina.core.StandardService.startInternal Starting service [Catalina]
26-Feb-2019 19:58:17.217 INFO [main] org.apache.catalina.core.StandardEngine.startInternal Starting Servlet engine: [Apache Tomcat/9.0.16]
26-Feb-2019 19:58:17.229 INFO [main] org.apache.catalina.startup.HostConfig.deployDirectory Deploying web application directory [/home/aleksandar/Desktop/apache-tomcat-9.0.16/webapps/docs]
26-Feb-2019 19:58:17.812 INFO [main] org.apache.catalina.startup.HostConfig.deployDirectory Deployment of web application directory [/home/aleksandar/Desktop/apache-tomcat-9.0.16/webapps/docs] has finished in [583] ms
26-Feb-2019 19:58:17.816 INFO [main] org.apache.catalina.startup.HostConfig.deployDirectory Deploying web application directory [/home/aleksandar/Desktop/apache-tomcat-9.0.16/webapps/manager]
26-Feb-2019 19:58:17.878 INFO [main] org.apache.catalina.startup.HostConfig.deployDirectory Deployment of web application directory [/home/aleksandar/Desktop/apache-tomcat-9.0.16/webapps/manager] has finished in [66] ms
26-Feb-2019 19:58:17.879 INFO [main] org.apache.catalina.startup.HostConfig.deployDirectory Deploying web application directory [/home/aleksandar/Desktop/apache-tomcat-9.0.16/webapps/ROOT]
26-Feb-2019 19:58:17.918 INFO [main] org.apache.catalina.startup.HostConfig.deployDirectory Deployment of web application directory [/home/aleksandar/Desktop/apache-tomcat-9.0.16/webapps/ROOT] has finished in [39] ms
26-Feb-2019 19:58:17.919 INFO [main] org.apache.catalina.startup.HostConfig.deployDirectory Deploying web application directory [/home/aleksandar/Desktop/apache-tomcat-9.0.16/webapps/src]
26-Feb-2019 19:58:17.969 INFO [main] org.apache.catalina.startup.HostConfig.deployDirectory Deployment of web application directory [/home/aleksandar/Desktop/apache-tomcat-9.0.16/webapps/src] has finished in [50] ms
26-Feb-2019 19:58:17.970 INFO [main] org.apache.catalina.startup.HostConfig.deployDirectory Deploying web application directory [/home/aleksandar/Desktop/apache-tomcat-9.0.16/webapps/loginpage]
26-Feb-2019 19:58:18.024 INFO [main] org.apache.catalina.startup.HostConfig.deployDirectory Deployment of web application directory [/home/aleksandar/Desktop/apache-tomcat-9.0.16/webapps/loginpage] has finished in [54] ms
26-Feb-2019 19:58:18.025 INFO [main] org.apache.catalina.startup.HostConfig.deployDirectory Deploying web application directory [/home/aleksandar/Desktop/apache-tomcat-9.0.16/webapps/host-manager]
26-Feb-2019 19:58:18.069 INFO [main] org.apache.catalina.startup.HostConfig.deployDirectory Deployment of web application directory [/home/aleksandar/Desktop/apache-tomcat-9.0.16/webapps/host-manager] has finished in [44] ms
26-Feb-2019 19:58:18.069 INFO [main] org.apache.catalina.startup.HostConfig.deployDirectory Deploying web application directory [/home/aleksandar/Desktop/apache-tomcat-9.0.16/webapps/examples]
26-Feb-2019 19:58:18.453 INFO [main] org.apache.catalina.startup.HostConfig.deployDirectory Deployment of web application directory [/home/aleksandar/Desktop/apache-tomcat-9.0.16/webapps/examples] has finished in [384] ms
26-Feb-2019 19:58:18.460 INFO [main] org.apache.coyote.AbstractProtocol.start Starting ProtocolHandler ["http-nio-8080"]
26-Feb-2019 19:58:18.473 INFO [main] org.apache.coyote.AbstractProtocol.start Starting ProtocolHandler ["ajp-nio-8009"]
26-Feb-2019 19:58:18.483 INFO [main] org.apache.catalina.startup.Catalina.start Server startup in [1,365] milliseconds
26-Feb-2019 19:59:08.524 INFO [Catalina-utility-2] org.apache.catalina.startup.HostConfig.deployDirectory Deploying web application directory [/home/aleksandar/Desktop/apache-tomcat-9.0.16/webapps/firstApp]
26-Feb-2019 19:59:08.570 INFO [Catalina-utility-2] org.apache.catalina.startup.HostConfig.deployDirectory Deployment of web application directory [/home/aleksandar/Desktop/apache-tomcat-9.0.16/webapps/firstApp] has finished in [47] ms
26-Feb-2019 20:05:18.660 INFO [Catalina-utility-2] org.apache.catalina.startup.HostConfig.reload Reloading context [/firstApp]
26-Feb-2019 20:05:18.661 INFO [Catalina-utility-2] org.apache.catalina.core.StandardContext.reload Reloading Context with name [/firstApp] has started
26-Feb-2019 20:05:18.728 INFO [Catalina-utility-2] org.apache.catalina.core.StandardContext.reload Reloading Context with name [/firstApp] is completed
