24-Feb-2019 03:25:02.597 INFO [main] org.apache.catalina.startup.VersionLoggerListener.log Server version name:   Apache Tomcat/9.0.16
24-Feb-2019 03:25:02.602 INFO [main] org.apache.catalina.startup.VersionLoggerListener.log Server built:          Feb 4 2019 16:30:29 UTC
24-Feb-2019 03:25:02.602 INFO [main] org.apache.catalina.startup.VersionLoggerListener.log Server version number: 9.0.16.0
24-Feb-2019 03:25:02.602 INFO [main] org.apache.catalina.startup.VersionLoggerListener.log OS Name:               Linux
24-Feb-2019 03:25:02.603 INFO [main] org.apache.catalina.startup.VersionLoggerListener.log OS Version:            4.15.0-29-generic
24-Feb-2019 03:25:02.603 INFO [main] org.apache.catalina.startup.VersionLoggerListener.log Architecture:          amd64
24-Feb-2019 03:25:02.603 INFO [main] org.apache.catalina.startup.VersionLoggerListener.log Java Home:             /usr/lib/jvm/java-11-openjdk-amd64
24-Feb-2019 03:25:02.603 INFO [main] org.apache.catalina.startup.VersionLoggerListener.log JVM Version:           10.0.2+13-Ubuntu-1ubuntu0.18.04.4
24-Feb-2019 03:25:02.603 INFO [main] org.apache.catalina.startup.VersionLoggerListener.log JVM Vendor:            Oracle Corporation
24-Feb-2019 03:25:02.603 INFO [main] org.apache.catalina.startup.VersionLoggerListener.log CATALINA_BASE:         /home/aleksandar/Desktop/apache-tomcat-9.0.16
24-Feb-2019 03:25:02.603 INFO [main] org.apache.catalina.startup.VersionLoggerListener.log CATALINA_HOME:         /home/aleksandar/Desktop/apache-tomcat-9.0.16
24-Feb-2019 03:25:02.610 INFO [main] org.apache.catalina.startup.VersionLoggerListener.log Command line argument: --add-opens=java.base/java.lang=ALL-UNNAMED
24-Feb-2019 03:25:02.610 INFO [main] org.apache.catalina.startup.VersionLoggerListener.log Command line argument: --add-opens=java.base/java.io=ALL-UNNAMED
24-Feb-2019 03:25:02.610 INFO [main] org.apache.catalina.startup.VersionLoggerListener.log Command line argument: --add-opens=java.rmi/sun.rmi.transport=ALL-UNNAMED
24-Feb-2019 03:25:02.610 INFO [main] org.apache.catalina.startup.VersionLoggerListener.log Command line argument: -Djava.util.logging.config.file=/home/aleksandar/Desktop/apache-tomcat-9.0.16/conf/logging.properties
24-Feb-2019 03:25:02.611 INFO [main] org.apache.catalina.startup.VersionLoggerListener.log Command line argument: -Djava.util.logging.manager=org.apache.juli.ClassLoaderLogManager
24-Feb-2019 03:25:02.611 INFO [main] org.apache.catalina.startup.VersionLoggerListener.log Command line argument: -Djdk.tls.ephemeralDHKeySize=2048
24-Feb-2019 03:25:02.611 INFO [main] org.apache.catalina.startup.VersionLoggerListener.log Command line argument: -Djava.protocol.handler.pkgs=org.apache.catalina.webresources
24-Feb-2019 03:25:02.612 INFO [main] org.apache.catalina.startup.VersionLoggerListener.log Command line argument: -Dorg.apache.catalina.security.SecurityListener.UMASK=0027
24-Feb-2019 03:25:02.612 INFO [main] org.apache.catalina.startup.VersionLoggerListener.log Command line argument: -Dignore.endorsed.dirs=
24-Feb-2019 03:25:02.612 INFO [main] org.apache.catalina.startup.VersionLoggerListener.log Command line argument: -Dcatalina.base=/home/aleksandar/Desktop/apache-tomcat-9.0.16
24-Feb-2019 03:25:02.612 INFO [main] org.apache.catalina.startup.VersionLoggerListener.log Command line argument: -Dcatalina.home=/home/aleksandar/Desktop/apache-tomcat-9.0.16
24-Feb-2019 03:25:02.612 INFO [main] org.apache.catalina.startup.VersionLoggerListener.log Command line argument: -Djava.io.tmpdir=/home/aleksandar/Desktop/apache-tomcat-9.0.16/temp
24-Feb-2019 03:25:02.612 INFO [main] org.apache.catalina.core.AprLifecycleListener.lifecycleEvent The APR based Apache Tomcat Native library which allows optimal performance in production environments was not found on the java.library.path: [/usr/java/packages/lib:/usr/lib/x86_64-linux-gnu/jni:/lib/x86_64-linux-gnu:/usr/lib/x86_64-linux-gnu:/usr/lib/jni:/lib:/usr/lib]
24-Feb-2019 03:25:02.691 INFO [main] org.apache.coyote.AbstractProtocol.init Initializing ProtocolHandler ["http-nio-8080"]
24-Feb-2019 03:25:02.721 SEVERE [main] org.apache.catalina.util.LifecycleBase.handleSubClassException Failed to initialize component [Connector[HTTP/1.1-8080]]
 org.apache.catalina.LifecycleException: Protocol handler initialization failed
	at org.apache.catalina.connector.Connector.initInternal(Connector.java:983)
	at org.apache.catalina.util.LifecycleBase.init(LifecycleBase.java:136)
	at org.apache.catalina.core.StandardService.initInternal(StandardService.java:535)
	at org.apache.catalina.util.LifecycleBase.init(LifecycleBase.java:136)
	at org.apache.catalina.core.StandardServer.initInternal(StandardServer.java:1055)
	at org.apache.catalina.util.LifecycleBase.init(LifecycleBase.java:136)
	at org.apache.catalina.startup.Catalina.load(Catalina.java:589)
	at org.apache.catalina.startup.Catalina.load(Catalina.java:612)
	at java.base/jdk.internal.reflect.NativeMethodAccessorImpl.invoke0(Native Method)
	at java.base/jdk.internal.reflect.NativeMethodAccessorImpl.invoke(NativeMethodAccessorImpl.java:62)
	at java.base/jdk.internal.reflect.DelegatingMethodAccessorImpl.invoke(DelegatingMethodAccessorImpl.java:43)
	at java.base/java.lang.reflect.Method.invoke(Method.java:564)
	at org.apache.catalina.startup.Bootstrap.load(Bootstrap.java:306)
	at org.apache.catalina.startup.Bootstrap.main(Bootstrap.java:491)
Caused by: java.net.BindException: Address already in use
	at java.base/sun.nio.ch.Net.bind0(Native Method)
	at java.base/sun.nio.ch.Net.bind(Net.java:433)
	at java.base/sun.nio.ch.Net.bind(Net.java:425)
	at java.base/sun.nio.ch.ServerSocketChannelImpl.bind(ServerSocketChannelImpl.java:225)
	at java.base/sun.nio.ch.ServerSocketAdaptor.bind(ServerSocketAdaptor.java:74)
	at org.apache.tomcat.util.net.NioEndpoint.initServerSocket(NioEndpoint.java:236)
	at org.apache.tomcat.util.net.NioEndpoint.bind(NioEndpoint.java:210)
	at org.apache.tomcat.util.net.AbstractEndpoint.bindWithCleanup(AbstractEndpoint.java:1085)
	at org.apache.tomcat.util.net.AbstractEndpoint.init(AbstractEndpoint.java:1098)
	at org.apache.coyote.AbstractProtocol.init(AbstractProtocol.java:557)
	at org.apache.coyote.http11.AbstractHttp11Protocol.init(AbstractHttp11Protocol.java:74)
	at org.apache.catalina.connector.Connector.initInternal(Connector.java:980)
	... 13 more

24-Feb-2019 03:25:02.723 INFO [main] org.apache.coyote.AbstractProtocol.init Initializing ProtocolHandler ["ajp-nio-8009"]
24-Feb-2019 03:25:02.725 SEVERE [main] org.apache.catalina.util.LifecycleBase.handleSubClassException Failed to initialize component [Connector[AJP/1.3-8009]]
 org.apache.catalina.LifecycleException: Protocol handler initialization failed
	at org.apache.catalina.connector.Connector.initInternal(Connector.java:983)
	at org.apache.catalina.util.LifecycleBase.init(LifecycleBase.java:136)
	at org.apache.catalina.core.StandardService.initInternal(StandardService.java:535)
	at org.apache.catalina.util.LifecycleBase.init(LifecycleBase.java:136)
	at org.apache.catalina.core.StandardServer.initInternal(StandardServer.java:1055)
	at org.apache.catalina.util.LifecycleBase.init(LifecycleBase.java:136)
	at org.apache.catalina.startup.Catalina.load(Catalina.java:589)
	at org.apache.catalina.startup.Catalina.load(Catalina.java:612)
	at java.base/jdk.internal.reflect.NativeMethodAccessorImpl.invoke0(Native Method)
	at java.base/jdk.internal.reflect.NativeMethodAccessorImpl.invoke(NativeMethodAccessorImpl.java:62)
	at java.base/jdk.internal.reflect.DelegatingMethodAccessorImpl.invoke(DelegatingMethodAccessorImpl.java:43)
	at java.base/java.lang.reflect.Method.invoke(Method.java:564)
	at org.apache.catalina.startup.Bootstrap.load(Bootstrap.java:306)
	at org.apache.catalina.startup.Bootstrap.main(Bootstrap.java:491)
Caused by: java.net.BindException: Address already in use
	at java.base/sun.nio.ch.Net.bind0(Native Method)
	at java.base/sun.nio.ch.Net.bind(Net.java:433)
	at java.base/sun.nio.ch.Net.bind(Net.java:425)
	at java.base/sun.nio.ch.ServerSocketChannelImpl.bind(ServerSocketChannelImpl.java:225)
	at java.base/sun.nio.ch.ServerSocketAdaptor.bind(ServerSocketAdaptor.java:74)
	at org.apache.tomcat.util.net.NioEndpoint.initServerSocket(NioEndpoint.java:236)
	at org.apache.tomcat.util.net.NioEndpoint.bind(NioEndpoint.java:210)
	at org.apache.tomcat.util.net.AbstractEndpoint.bindWithCleanup(AbstractEndpoint.java:1085)
	at org.apache.tomcat.util.net.AbstractEndpoint.init(AbstractEndpoint.java:1098)
	at org.apache.coyote.AbstractProtocol.init(AbstractProtocol.java:557)
	at org.apache.catalina.connector.Connector.initInternal(Connector.java:980)
	... 13 more

24-Feb-2019 03:25:02.730 INFO [main] org.apache.catalina.startup.Catalina.load Server initialization in [973] milliseconds
24-Feb-2019 03:25:02.827 INFO [main] org.apache.catalina.core.StandardService.startInternal Starting service [Catalina]
24-Feb-2019 03:25:02.827 INFO [main] org.apache.catalina.core.StandardEngine.startInternal Starting Servlet engine: [Apache Tomcat/9.0.16]
24-Feb-2019 03:25:02.845 INFO [main] org.apache.catalina.startup.HostConfig.deployDirectory Deploying web application directory [/home/aleksandar/Desktop/apache-tomcat-9.0.16/webapps/docs]
24-Feb-2019 03:25:03.530 INFO [main] org.apache.catalina.startup.HostConfig.deployDirectory Deployment of web application directory [/home/aleksandar/Desktop/apache-tomcat-9.0.16/webapps/docs] has finished in [684] ms
24-Feb-2019 03:25:03.530 INFO [main] org.apache.catalina.startup.HostConfig.deployDirectory Deploying web application directory [/home/aleksandar/Desktop/apache-tomcat-9.0.16/webapps/manager]
24-Feb-2019 03:25:03.600 INFO [main] org.apache.catalina.startup.HostConfig.deployDirectory Deployment of web application directory [/home/aleksandar/Desktop/apache-tomcat-9.0.16/webapps/manager] has finished in [70] ms
24-Feb-2019 03:25:03.601 INFO [main] org.apache.catalina.startup.HostConfig.deployDirectory Deploying web application directory [/home/aleksandar/Desktop/apache-tomcat-9.0.16/webapps/ROOT]
24-Feb-2019 03:25:03.639 INFO [main] org.apache.catalina.startup.HostConfig.deployDirectory Deployment of web application directory [/home/aleksandar/Desktop/apache-tomcat-9.0.16/webapps/ROOT] has finished in [37] ms
24-Feb-2019 03:25:03.640 INFO [main] org.apache.catalina.startup.HostConfig.deployDirectory Deploying web application directory [/home/aleksandar/Desktop/apache-tomcat-9.0.16/webapps/host-manager]
24-Feb-2019 03:25:03.697 INFO [main] org.apache.catalina.startup.HostConfig.deployDirectory Deployment of web application directory [/home/aleksandar/Desktop/apache-tomcat-9.0.16/webapps/host-manager] has finished in [57] ms
24-Feb-2019 03:25:03.699 INFO [main] org.apache.catalina.startup.HostConfig.deployDirectory Deploying web application directory [/home/aleksandar/Desktop/apache-tomcat-9.0.16/webapps/examples]
24-Feb-2019 03:25:04.290 INFO [main] org.apache.catalina.startup.HostConfig.deployDirectory Deployment of web application directory [/home/aleksandar/Desktop/apache-tomcat-9.0.16/webapps/examples] has finished in [592] ms
24-Feb-2019 03:25:04.301 INFO [main] org.apache.catalina.startup.Catalina.start Server startup in [1,571] milliseconds
24-Feb-2019 03:25:04.307 SEVERE [main] org.apache.catalina.core.StandardServer.await Failed to create server shutdown socket on address [localhost] and port [8005] (base port [8005] and offset [0])
 java.net.BindException: Address already in use (Bind failed)
	at java.base/java.net.PlainSocketImpl.socketBind(Native Method)
	at java.base/java.net.AbstractPlainSocketImpl.bind(AbstractPlainSocketImpl.java:437)
	at java.base/java.net.ServerSocket.bind(ServerSocket.java:381)
	at java.base/java.net.ServerSocket.<init>(ServerSocket.java:243)
	at org.apache.catalina.core.StandardServer.await(StandardServer.java:582)
	at org.apache.catalina.startup.Catalina.await(Catalina.java:726)
	at org.apache.catalina.startup.Catalina.start(Catalina.java:672)
	at java.base/jdk.internal.reflect.NativeMethodAccessorImpl.invoke0(Native Method)
	at java.base/jdk.internal.reflect.NativeMethodAccessorImpl.invoke(NativeMethodAccessorImpl.java:62)
	at java.base/jdk.internal.reflect.DelegatingMethodAccessorImpl.invoke(DelegatingMethodAccessorImpl.java:43)
	at java.base/java.lang.reflect.Method.invoke(Method.java:564)
	at org.apache.catalina.startup.Bootstrap.start(Bootstrap.java:350)
	at org.apache.catalina.startup.Bootstrap.main(Bootstrap.java:492)

24-Feb-2019 03:25:04.309 INFO [main] org.apache.coyote.AbstractProtocol.pause Pausing ProtocolHandler ["http-nio-8080"]
24-Feb-2019 03:25:04.311 INFO [main] org.apache.coyote.AbstractProtocol.pause Pausing ProtocolHandler ["ajp-nio-8009"]
24-Feb-2019 03:25:04.312 INFO [main] org.apache.catalina.core.StandardService.stopInternal Stopping service [Catalina]
24-Feb-2019 03:25:04.373 INFO [main] org.apache.coyote.AbstractProtocol.stop Stopping ProtocolHandler ["http-nio-8080"]
24-Feb-2019 03:25:04.378 INFO [main] org.apache.coyote.AbstractProtocol.destroy Destroying ProtocolHandler ["http-nio-8080"]
24-Feb-2019 03:25:04.379 INFO [main] org.apache.coyote.AbstractProtocol.stop Stopping ProtocolHandler ["ajp-nio-8009"]
24-Feb-2019 03:25:04.379 INFO [main] org.apache.coyote.AbstractProtocol.destroy Destroying ProtocolHandler ["ajp-nio-8009"]
